<?xml version="1.0" encoding="UTF-8"?>
<!-- Generated by org.testng.reporters.JUnitReportReporter -->
<testsuite hostname="LAPTOP-RH55RME4" failures="0" tests="1" name="practice.demo3" time="0.015" errors="0" timestamp="2023-09-24T10:18:30 IST" skipped="0">
  <testcase classname="practice.demo3" name="extent" time="0.015"/>
</testsuite> <!-- practice.demo3 -->
