<?xml version="1.0" encoding="UTF-8"?>
<!-- Generated by org.testng.reporters.JUnitReportReporter -->
<testsuite hostname="LAPTOP-RH55RME4" failures="0" tests="1" name="demo.demo" time="4.232" errors="0" timestamp="2023-09-30T10:54:41 IST" skipped="0">
  <testcase classname="demo.demo" name="test" time="4.232"/>
</testsuite> <!-- demo.demo -->
