<?xml version="1.0" encoding="UTF-8"?>
<!-- Generated by org.testng.reporters.JUnitReportReporter -->
<testsuite hostname="LAPTOP-RH55RME4" failures="0" tests="1" name="practice.demo" time="11.977" errors="0" timestamp="2023-09-28T15:38:39 IST" skipped="0">
  <testcase classname="practice.demo" name="login" time="11.977"/>
</testsuite> <!-- practice.demo -->
