<?xml version="1.0" encoding="UTF-8"?>
<!-- Generated by org.testng.reporters.JUnitReportReporter -->
<testsuite hostname="LAPTOP-RH55RME4" failures="0" tests="1" name="practice.demo5" time="0.012" errors="0" timestamp="2023-09-22T15:22:39 IST" skipped="0">
  <testcase classname="practice.demo5" name="test5" time="0.012"/>
</testsuite> <!-- practice.demo5 -->
