<?xml version="1.0" encoding="UTF-8"?>
<!-- Generated by org.testng.reporters.JUnitReportReporter -->
<testsuite hostname="LAPTOP-RH55RME4" failures="0" tests="1" name="demo.WebTableStreamMethodParticularValue" time="13.058" errors="0" timestamp="2023-10-09T08:07:05 IST" skipped="0">
  <testcase classname="demo.WebTableStreamMethodParticularValue" name="webtable" time="13.058"/>
</testsuite> <!-- demo.WebTableStreamMethodParticularValue -->
