<?xml version="1.0" encoding="UTF-8"?>
<!-- Generated by org.testng.reporters.JUnitReportReporter -->
<testsuite hostname="LAPTOP-RH55RME4" failures="0" tests="1" name="demo.webtable_select_particularValue" time="17.745" errors="0" timestamp="2023-10-09T07:44:56 IST" skipped="0">
  <testcase classname="demo.webtable_select_particularValue" name="Login" time="17.745"/>
</testsuite> <!-- demo.webtable_select_particularValue -->
